<?xml version="1.0" encoding="UTF-8"?>
<!-- Generated by org.testng.reporters.JUnitXMLReporter -->
<testsuite ignored="0" hostname="Admin" failures="0" tests="4" name="Run on FIREFOX" time="255.691" errors="0" timestamp="21 Feb 2023 00:34:53 GMT">
  <testcase classname="com.jqueryscript.Level_12_Handle_Data_Table_Grid" name="Table_01_Paging" time="4.977"/>
  <testcase classname="com.jqueryscript.Level_12_Handle_Data_Table_Grid" name="Table_02_Enter_To_Header" time="0.002"/>
  <testcase classname="com.jqueryscript.Level_12_Handle_Data_Table_Grid" name="User_03" time="0.001"/>
  <testcase classname="com.jqueryscript.Level_12_Handle_Data_Table_Grid" name="User_04" time="0.001"/>
</testsuite> <!-- Run on FIREFOX -->
