<?xml version="1.0" encoding="UTF-8"?>
<testng-results ignored="0" total="2" passed="2" failed="0" skipped="0">
  <reporter-output>
  </reporter-output>
  <suite started-at="2023-04-05T03:23:50Z" name="NopCommerce" finished-at="2023-04-05T03:24:32Z" duration-ms="41841">
    <groups>
    </groups>
    <test started-at="2023-04-05T03:23:50Z" name="Run on FIREFOX" finished-at="2023-04-05T03:24:32Z" duration-ms="41841">
      <class name="com.review.nopcommerce.RV_Level_X_FakeData">
        <test-method is-config="true" signature="beforeClass(java.lang.String, java.lang.String)[pri:0, instance:com.review.nopcommerce.RV_Level_X_FakeData@5d534f5d]" started-at="2023-04-05T03:23:50Z" name="beforeClass" finished-at="2023-04-05T03:24:14Z" duration-ms="24477" status="PASS">
          <params>
            <param index="0">
              <value>
                <![CDATA[firefox]]>
              </value>
            </param>
            <param index="1">
              <value>
                <![CDATA[https://demo.nopcommerce.com]]>
              </value>
            </param>
          </params>
          <reporter-output>
          </reporter-output>
        </test-method> <!-- beforeClass -->
        <test-method signature="User_01_Register()[pri:0, instance:com.review.nopcommerce.RV_Level_X_FakeData@5d534f5d]" started-at="2023-04-05T03:24:14Z" name="User_01_Register" finished-at="2023-04-05T03:24:30Z" duration-ms="15432" status="PASS">
          <reporter-output>
          </reporter-output>
        </test-method> <!-- User_01_Register -->
        <test-method signature="User_02_Login()[pri:0, instance:com.review.nopcommerce.RV_Level_X_FakeData@5d534f5d]" started-at="2023-04-05T03:24:30Z" name="User_02_Login" finished-at="2023-04-05T03:24:32Z" duration-ms="1901" status="PASS">
          <reporter-output>
          </reporter-output>
        </test-method> <!-- User_02_Login -->
        <test-method is-config="true" signature="afterClass()[pri:0, instance:com.review.nopcommerce.RV_Level_X_FakeData@5d534f5d]" started-at="2023-04-05T03:24:32Z" name="afterClass" finished-at="2023-04-05T03:24:32Z" duration-ms="0" status="PASS">
          <reporter-output>
          </reporter-output>
        </test-method> <!-- afterClass -->
      </class> <!-- com.review.nopcommerce.RV_Level_X_FakeData -->
    </test> <!-- Run on FIREFOX -->
  </suite> <!-- NopCommerce -->
</testng-results>
