<?xml version="1.0" encoding="UTF-8"?>
<!-- Generated by org.testng.reporters.JUnitXMLReporter -->
<testsuite ignored="0" hostname="Admin" failures="0" tests="0" time="4.857" errors="0" timestamp="21 Mar 2023 02:57:47 GMT">
  <testcase classname="com.nopcommerce.test.commons.Common_01_Register2" name="@BeforeTest beforeTest" time="4.842">
    <failure type="java.lang.NullPointerException">
      <![CDATA[java.lang.NullPointerException
at com.nopcommerce.test.commons.Common_01_Register2.beforeTest(Common_01_Register2.java:19)
... Removed 24 stack frames]]>
    </failure>
  </testcase> <!-- @BeforeTest beforeTest -->
</testsuite>
